<?xml version="1.0" encoding="UTF-8"?>
<!-- Generated by org.testng.reporters.JUnitReportReporter -->
<testsuite skipped="0" hostname="DESKTOP-1T2AMDB" name="FrameWorkDevelopment.HomePage" tests="2" failures="0" timestamp="2020-04-26T19:22:55 IST" time="20.617" errors="0">
  <testcase name="basePageNavigation" time="11.946" classname="FrameWorkDevelopment.HomePage"/>
  <system-out/>
  <testcase name="basePageNavigation" time="8.671" classname="FrameWorkDevelopment.HomePage"/>
  <system-out/>
</testsuite> <!-- FrameWorkDevelopment.HomePage -->
